2015-09-23 15:30:01,137 INFO  zx.soft.sample.jetty.Application [main] - Starting Application on Company with PID 18086 (/home/fgq/develop/eclipse/work/spring-boot/sample-jetty/target/classes started by fgq in /home/fgq/develop/eclipse/work/spring-boot/sample-jetty)
2015-09-23 15:30:01,166 INFO  org.springframework.boot.context.embedded.AnnotationConfigEmbeddedWebApplicationContext [main] - Refreshing org.springframework.boot.context.embedded.AnnotationConfigEmbeddedWebApplicationContext@319b92f3: startup date [Wed Sep 23 15:30:01 CST 2015]; root of context hierarchy
2015-09-23 15:30:01,849 INFO  org.springframework.beans.factory.support.DefaultListableBeanFactory [main] - Overriding bean definition for bean 'beanNameViewResolver': replacing [Root bean: class [null]; scope=; abstract=false; lazyInit=false; autowireMode=3; dependencyCheck=0; autowireCandidate=true; primary=false; factoryBeanName=org.springframework.boot.autoconfigure.web.ErrorMvcAutoConfiguration$WhitelabelErrorViewConfiguration; factoryMethodName=beanNameViewResolver; initMethodName=null; destroyMethodName=(inferred); defined in class path resource [org/springframework/boot/autoconfigure/web/ErrorMvcAutoConfiguration$WhitelabelErrorViewConfiguration.class]] with [Root bean: class [null]; scope=; abstract=false; lazyInit=false; autowireMode=3; dependencyCheck=0; autowireCandidate=true; primary=false; factoryBeanName=org.springframework.boot.autoconfigure.web.WebMvcAutoConfiguration$WebMvcAutoConfigurationAdapter; factoryMethodName=beanNameViewResolver; initMethodName=null; destroyMethodName=(inferred); defined in class path resource [org/springframework/boot/autoconfigure/web/WebMvcAutoConfiguration$WebMvcAutoConfigurationAdapter.class]]
2015-09-23 15:30:02,033 INFO  org.springframework.beans.factory.annotation.AutowiredAnnotationBeanPostProcessor [main] - JSR-330 'javax.inject.Inject' annotation found and supported for autowiring
2015-09-23 15:30:02,073 INFO  org.hibernate.validator.internal.util.Version [main] - HV000001: Hibernate Validator 5.1.3.Final
2015-09-23 15:30:02,259 INFO  org.springframework.context.support.PostProcessorRegistrationDelegate$BeanPostProcessorChecker [main] - Bean 'org.springframework.transaction.annotation.ProxyTransactionManagementConfiguration' of type [class org.springframework.transaction.annotation.ProxyTransactionManagementConfiguration$$EnhancerBySpringCGLIB$$7ae5462b] is not eligible for getting processed by all BeanPostProcessors (for example: not eligible for auto-proxying)
2015-09-23 15:30:02,284 INFO  org.springframework.context.support.PostProcessorRegistrationDelegate$BeanPostProcessorChecker [main] - Bean 'transactionAttributeSource' of type [class org.springframework.transaction.annotation.AnnotationTransactionAttributeSource] is not eligible for getting processed by all BeanPostProcessors (for example: not eligible for auto-proxying)
2015-09-23 15:30:02,295 INFO  org.springframework.context.support.PostProcessorRegistrationDelegate$BeanPostProcessorChecker [main] - Bean 'transactionInterceptor' of type [class org.springframework.transaction.interceptor.TransactionInterceptor] is not eligible for getting processed by all BeanPostProcessors (for example: not eligible for auto-proxying)
2015-09-23 15:30:02,299 INFO  org.springframework.context.support.PostProcessorRegistrationDelegate$BeanPostProcessorChecker [main] - Bean 'org.springframework.transaction.config.internalTransactionAdvisor' of type [class org.springframework.transaction.interceptor.BeanFactoryTransactionAttributeSourceAdvisor] is not eligible for getting processed by all BeanPostProcessors (for example: not eligible for auto-proxying)
2015-09-23 15:30:02,589 INFO  org.springframework.boot.context.embedded.jetty.JettyEmbeddedServletContainerFactory [main] - Server initialized with port: 8900
2015-09-23 15:30:02,592 INFO  org.eclipse.jetty.server.Server [main] - jetty-9.2.11.v20150529
2015-09-23 15:30:02,666 INFO  / [main] - Initializing Spring embedded WebApplicationContext
2015-09-23 15:30:02,666 INFO  org.springframework.web.context.ContextLoader [main] - Root WebApplicationContext: initialization completed in 1502 ms
2015-09-23 15:30:03,204 INFO  org.springframework.boot.context.embedded.ServletRegistrationBean [main] - Mapping servlet: 'dispatcherServlet' to [/]
2015-09-23 15:30:03,206 INFO  org.springframework.boot.context.embedded.FilterRegistrationBean [main] - Mapping filter: 'characterEncodingFilter' to: [/*]
2015-09-23 15:30:03,206 INFO  org.springframework.boot.context.embedded.FilterRegistrationBean [main] - Mapping filter: 'hiddenHttpMethodFilter' to: [/*]
2015-09-23 15:30:03,365 INFO  org.eclipse.jetty.server.handler.ContextHandler [main] - Started o.s.b.c.e.j.JettyEmbeddedWebAppContext@78411116{/,null,AVAILABLE}
2015-09-23 15:30:03,366 INFO  org.eclipse.jetty.server.Server [main] - Started @2827ms
2015-09-23 15:30:03,379 INFO  zx.soft.utils.config.ConfigUtil [main] - Load resource: zookeeper.properties
2015-09-23 15:30:03,582 WARN  org.apache.hadoop.util.NativeCodeLoader [main] - Unable to load native-hadoop library for your platform... using builtin-java classes where applicable
2015-09-23 15:30:03,643 INFO  org.apache.hadoop.hbase.zookeeper.RecoverableZooKeeper [main] - Process identifier=hconnection-0x16c8b7bd connecting to ZooKeeper ensemble=bigdata5:2181,bigdata4:2181,bigdata3:2181,bigdata2:2181,bigdata6:2181
2015-09-23 15:30:03,647 INFO  org.apache.zookeeper.ZooKeeper [main] - Client environment:zookeeper.version=3.4.6-1569965, built on 02/20/2014 09:09 GMT
2015-09-23 15:30:03,647 INFO  org.apache.zookeeper.ZooKeeper [main] - Client environment:host.name=Company
2015-09-23 15:30:03,647 INFO  org.apache.zookeeper.ZooKeeper [main] - Client environment:java.version=1.8.0_05
2015-09-23 15:30:03,647 INFO  org.apache.zookeeper.ZooKeeper [main] - Client environment:java.vendor=Oracle Corporation
2015-09-23 15:30:03,647 INFO  org.apache.zookeeper.ZooKeeper [main] - Client environment:java.home=/opt/jdk1.8.0_05/jre
2015-09-23 15:30:03,647 INFO  org.apache.zookeeper.ZooKeeper [main] - Client environment:java.class.path=/home/fgq/develop/eclipse/work/spring-boot/sample-jetty/target/classes:/home/fgq/develop/eclipse/work/hbase-api/target/classes:/home/fgq/.m2/repository/org/apache/hbase/hbase-client/0.98.6-hadoop2/hbase-client-0.98.6-hadoop2.jar:/home/fgq/.m2/repository/org/apache/hbase/hbase-protocol/0.98.6-hadoop2/hbase-protocol-0.98.6-hadoop2.jar:/home/fgq/.m2/repository/commons-codec/commons-codec/1.7/commons-codec-1.7.jar:/home/fgq/.m2/repository/commons-io/commons-io/2.4/commons-io-2.4.jar:/home/fgq/.m2/repository/commons-lang/commons-lang/2.6/commons-lang-2.6.jar:/home/fgq/.m2/repository/commons-logging/commons-logging/1.1.1/commons-logging-1.1.1.jar:/home/fgq/.m2/repository/com/google/guava/guava/12.0.1/guava-12.0.1.jar:/home/fgq/.m2/repository/com/google/code/findbugs/jsr305/1.3.9/jsr305-1.3.9.jar:/home/fgq/.m2/repository/com/google/protobuf/protobuf-java/2.5.0/protobuf-java-2.5.0.jar:/home/fgq/.m2/repository/io/netty/netty/3.6.6.Final/netty-3.6.6.Final.jar:/home/fgq/.m2/repository/org/apache/zookeeper/zookeeper/3.4.6/zookeeper-3.4.6.jar:/home/fgq/.m2/repository/org/slf4j/slf4j-log4j12/1.7.12/slf4j-log4j12-1.7.12.jar:/home/fgq/.m2/repository/org/cloudera/htrace/htrace-core/2.04/htrace-core-2.04.jar:/home/fgq/.m2/repository/org/mortbay/jetty/jetty-util/6.1.26/jetty-util-6.1.26.jar:/home/fgq/.m2/repository/org/codehaus/jackson/jackson-mapper-asl/1.8.8/jackson-mapper-asl-1.8.8.jar:/home/fgq/.m2/repository/org/apache/hadoop/hadoop-common/2.2.0/hadoop-common-2.2.0.jar:/home/fgq/.m2/repository/commons-cli/commons-cli/1.2/commons-cli-1.2.jar:/home/fgq/.m2/repository/org/apache/commons/commons-math/2.1/commons-math-2.1.jar:/home/fgq/.m2/repository/xmlenc/xmlenc/0.52/xmlenc-0.52.jar:/home/fgq/.m2/repository/commons-net/commons-net/3.1/commons-net-3.1.jar:/home/fgq/.m2/repository/org/mortbay/jetty/jetty/6.1.26/jetty-6.1.26.jar:/home/fgq/.m2/repository/com/sun/jersey/jersey-core/1.9/jersey-core-1.9.jar:/home/fgq/.m2/repository/com/sun/jersey/jersey-json/1.9/jersey-json-1.9.jar:/home/fgq/.m2/repository/org/codehaus/jettison/jettison/1.1/jettison-1.1.jar:/home/fgq/.m2/repository/stax/stax-api/1.0.1/stax-api-1.0.1.jar:/home/fgq/.m2/repository/com/sun/xml/bind/jaxb-impl/2.2.3-1/jaxb-impl-2.2.3-1.jar:/home/fgq/.m2/repository/javax/xml/bind/jaxb-api/2.2.2/jaxb-api-2.2.2.jar:/home/fgq/.m2/repository/javax/activation/activation/1.1/activation-1.1.jar:/home/fgq/.m2/repository/org/codehaus/jackson/jackson-jaxrs/1.8.3/jackson-jaxrs-1.8.3.jar:/home/fgq/.m2/repository/org/codehaus/jackson/jackson-xc/1.8.3/jackson-xc-1.8.3.jar:/home/fgq/.m2/repository/commons-el/commons-el/1.0/commons-el-1.0.jar:/home/fgq/.m2/repository/net/java/dev/jets3t/jets3t/0.6.1/jets3t-0.6.1.jar:/home/fgq/.m2/repository/commons-configuration/commons-configuration/1.6/commons-configuration-1.6.jar:/home/fgq/.m2/repository/commons-digester/commons-digester/2.1/commons-digester-2.1.jar:/home/fgq/.m2/repository/commons-beanutils/commons-beanutils/1.9.2/commons-beanutils-1.9.2.jar:/home/fgq/.m2/repository/commons-beanutils/commons-beanutils-core/1.8.0/commons-beanutils-core-1.8.0.jar:/home/fgq/.m2/repository/org/apache/avro/avro/1.7.4/avro-1.7.4.jar:/home/fgq/.m2/repository/com/thoughtworks/paranamer/paranamer/2.3/paranamer-2.3.jar:/home/fgq/.m2/repository/org/xerial/snappy/snappy-java/1.0.4.1/snappy-java-1.0.4.1.jar:/home/fgq/.m2/repository/com/jcraft/jsch/0.1.42/jsch-0.1.42.jar:/home/fgq/.m2/repository/org/apache/commons/commons-compress/1.4.1/commons-compress-1.4.1.jar:/home/fgq/.m2/repository/org/tukaani/xz/1.0/xz-1.0.jar:/home/fgq/.m2/repository/org/apache/hadoop/hadoop-auth/2.2.0/hadoop-auth-2.2.0.jar:/home/fgq/.m2/repository/org/apache/hadoop/hadoop-mapreduce-client-core/2.2.0/hadoop-mapreduce-client-core-2.2.0.jar:/home/fgq/.m2/repository/org/apache/hadoop/hadoop-yarn-common/2.2.0/hadoop-yarn-common-2.2.0.jar:/home/fgq/.m2/repository/org/apache/hadoop/hadoop-yarn-api/2.2.0/hadoop-yarn-api-2.2.0.jar:/home/fgq/.m2/repository/com/google/inject/guice/3.0/guice-3.0.jar:/home/fgq/.m2/repository/com/sun/jersey/jersey-server/1.9/jersey-server-1.9.jar:/home/fgq/.m2/repository/asm/asm/3.1/asm-3.1.jar:/home/fgq/.m2/repository/com/sun/jersey/contribs/jersey-guice/1.9/jersey-guice-1.9.jar:/home/fgq/.m2/repository/com/google/inject/extensions/guice-servlet/3.0/guice-servlet-3.0.jar:/home/fgq/.m2/repository/org/apache/hadoop/hadoop-annotations/2.2.0/hadoop-annotations-2.2.0.jar:/opt/jdk1.8.0_05/lib/tools.jar:/home/fgq/.m2/repository/com/github/stephenc/findbugs/findbugs-annotations/1.3.9-1/findbugs-annotations-1.3.9-1.jar:/home/fgq/.m2/repository/junit/junit/4.12/junit-4.12.jar:/home/fgq/.m2/repository/org/hamcrest/hamcrest-core/1.3/hamcrest-core-1.3.jar:/home/fgq/.m2/repository/org/apache/hbase/hbase-common/0.98.6-hadoop2/hbase-common-0.98.6-hadoop2.jar:/home/fgq/.m2/repository/commons-collections/commons-collections/3.2.1/commons-collections-3.2.1.jar:/home/fgq/.m2/repository/log4j/log4j/1.2.17/log4j-1.2.17.jar:/home/fgq/.m2/repository/zx/soft/common-utils/1.1.0/common-utils-1.1.0.jar:/home/fgq/.m2/repository/org/restlet/jse/org.restlet/2.2.0/org.restlet-2.2.0.jar:/home/fgq/.m2/repository/org/codehaus/jackson/jackson-core-asl/1.9.13/jackson-core-asl-1.9.13.jar:/home/fgq/.m2/repository/com/fasterxml/jackson/core/jackson-annotations/2.4.6/jackson-annotations-2.4.6.jar:/home/fgq/.m2/repository/org/restlet/jse/org.restlet.ext.jackson/2.2.0/org.restlet.ext.jackson-2.2.0.jar:/home/fgq/.m2/repository/com/fasterxml/jackson/dataformat/jackson-dataformat-csv/2.2.3/jackson-dataformat-csv-2.2.3.jar:/home/fgq/.m2/repository/com/fasterxml/jackson/dataformat/jackson-dataformat-smile/2.2.3/jackson-dataformat-smile-2.2.3.jar:/home/fgq/.m2/repository/com/fasterxml/jackson/dataformat/jackson-dataformat-xml/2.4.6/jackson-dataformat-xml-2.4.6.jar:/home/fgq/.m2/repository/com/fasterxml/jackson/dataformat/jackson-dataformat-yaml/2.4.6/jackson-dataformat-yaml-2.4.6.jar:/home/fgq/.m2/repository/com/fasterxml/jackson/module/jackson-module-jaxb-annotations/2.2.3/jackson-module-jaxb-annotations-2.2.3.jar:/home/fgq/.m2/repository/org/codehaus/woodstox/woodstox-core-asl/4.2.0/woodstox-core-asl-4.2.0.jar:/home/fgq/.m2/repository/javax/xml/stream/stax-api/1.0-2/stax-api-1.0-2.jar:/home/fgq/.m2/repository/org/codehaus/woodstox/stax2-api/3.1.3/stax2-api-3.1.3.jar:/home/fgq/.m2/repository/commons-httpclient/commons-httpclient/3.1/commons-httpclient-3.1.jar:/home/fgq/.m2/repository/org/apache/httpcomponents/httpclient/4.3.6/httpclient-4.3.6.jar:/home/fgq/.m2/repository/org/apache/httpcomponents/httpcore/4.3/httpcore-4.3.jar:/home/fgq/.m2/repository/com/googlecode/objectify/objectify/4.1.3/objectify-4.1.3.jar:/home/fgq/.m2/repository/javax/inject/javax.inject/1/javax.inject-1.jar:/home/fgq/.m2/repository/org/slf4j/slf4j-api/1.7.12/slf4j-api-1.7.12.jar:/home/fgq/.m2/repository/org/springframework/boot/spring-boot-starter-jetty/1.2.5.RELEASE/spring-boot-starter-jetty-1.2.5.RELEASE.jar:/home/fgq/.m2/repository/org/eclipse/jetty/jetty-jsp/9.2.11.v20150529/jetty-jsp-9.2.11.v20150529.jar:/home/fgq/.m2/repository/org/eclipse/jetty/toolchain/jetty-schemas/3.1.M0/jetty-schemas-3.1.M0.jar:/home/fgq/.m2/repository/javax/servlet/javax.servlet-api/3.1.0/javax.servlet-api-3.1.0.jar:/home/fgq/.m2/repository/javax/servlet/jsp/javax.servlet.jsp-api/2.3.1/javax.servlet.jsp-api-2.3.1.jar:/home/fgq/.m2/repository/org/glassfish/web/javax.servlet.jsp/2.3.2/javax.servlet.jsp-2.3.2.jar:/home/fgq/.m2/repository/org/eclipse/jetty/orbit/javax.servlet.jsp.jstl/1.2.0.v201105211821/javax.servlet.jsp.jstl-1.2.0.v201105211821.jar:/home/fgq/.m2/repository/org/glassfish/web/javax.servlet.jsp.jstl/1.2.2/javax.servlet.jsp.jstl-1.2.2.jar:/home/fgq/.m2/repository/org/glassfish/javax.el/3.0.0/javax.el-3.0.0.jar:/home/fgq/.m2/repository/org/eclipse/jetty/orbit/org.eclipse.jdt.core/3.8.2.v20130121/org.eclipse.jdt.core-3.8.2.v20130121.jar:/home/fgq/.m2/repository/org/eclipse/jetty/jetty-webapp/9.2.11.v20150529/jetty-webapp-9.2.11.v20150529.jar:/home/fgq/.m2/repository/org/eclipse/jetty/jetty-xml/9.2.11.v20150529/jetty-xml-9.2.11.v20150529.jar:/home/fgq/.m2/repository/org/eclipse/jetty/jetty-util/9.2.11.v20150529/jetty-util-9.2.11.v20150529.jar:/home/fgq/.m2/repository/org/eclipse/jetty/jetty-servlet/9.2.11.v20150529/jetty-servlet-9.2.11.v20150529.jar:/home/fgq/.m2/repository/org/eclipse/jetty/jetty-security/9.2.11.v20150529/jetty-security-9.2.11.v20150529.jar:/home/fgq/.m2/repository/org/eclipse/jetty/jetty-server/9.2.11.v20150529/jetty-server-9.2.11.v20150529.jar:/home/fgq/.m2/repository/org/eclipse/jetty/websocket/websocket-server/9.2.11.v20150529/websocket-server-9.2.11.v20150529.jar:/home/fgq/.m2/repository/org/eclipse/jetty/websocket/websocket-common/9.2.11.v20150529/websocket-common-9.2.11.v20150529.jar:/home/fgq/.m2/repository/org/eclipse/jetty/websocket/websocket-api/9.2.11.v20150529/websocket-api-9.2.11.v20150529.jar:/home/fgq/.m2/repository/org/eclipse/jetty/jetty-io/9.2.11.v20150529/jetty-io-9.2.11.v20150529.jar:/home/fgq/.m2/repository/org/eclipse/jetty/websocket/websocket-client/9.2.11.v20150529/websocket-client-9.2.11.v20150529.jar:/home/fgq/.m2/repository/org/eclipse/jetty/websocket/websocket-servlet/9.2.11.v20150529/websocket-servlet-9.2.11.v20150529.jar:/home/fgq/.m2/repository/org/eclipse/jetty/jetty-http/9.2.11.v20150529/jetty-http-9.2.11.v20150529.jar:/home/fgq/.m2/repository/org/eclipse/jetty/websocket/javax-websocket-server-impl/9.2.11.v20150529/javax-websocket-server-impl-9.2.11.v20150529.jar:/home/fgq/.m2/repository/org/eclipse/jetty/jetty-annotations/9.2.11.v20150529/jetty-annotations-9.2.11.v20150529.jar:/home/fgq/.m2/repository/org/eclipse/jetty/jetty-plus/9.2.11.v20150529/jetty-plus-9.2.11.v20150529.jar:/home/fgq/.m2/repository/org/eclipse/jetty/jetty-jndi/9.2.11.v20150529/jetty-jndi-9.2.11.v20150529.jar:/home/fgq/.m2/repository/javax/annotation/javax.annotation-api/1.2/javax.annotation-api-1.2.jar:/home/fgq/.m2/repository/org/ow2/asm/asm/5.0.1/asm-5.0.1.jar:/home/fgq/.m2/repository/org/ow2/asm/asm-commons/5.0.1/asm-commons-5.0.1.jar:/home/fgq/.m2/repository/org/ow2/asm/asm-tree/5.0.1/asm-tree-5.0.1.jar:/home/fgq/.m2/repository/org/eclipse/jetty/websocket/javax-websocket-client-impl/9.2.11.v20150529/javax-websocket-client-impl-9.2.11.v20150529.jar:/home/fgq/.m2/repository/javax/websocket/javax.websocket-api/1.0/javax.websocket-api-1.0.jar:/home/fgq/.m2/repository/org/springframework/boot/spring-boot-starter-web/1.2.5.RELEASE/spring-boot-starter-web-1.2.5.RELEASE.jar:/home/fgq/.m2/repository/org/springframework/boot/spring-boot-starter/1.2.5.RELEASE/spring-boot-starter-1.2.5.RELEASE.jar:/home/fgq/.m2/repository/org/springframework/boot/spring-boot/1.2.5.RELEASE/spring-boot-1.2.5.RELEASE.jar:/home/fgq/.m2/repository/org/springframework/boot/spring-boot-autoconfigure/1.2.5.RELEASE/spring-boot-autoconfigure-1.2.5.RELEASE.jar:/home/fgq/.m2/repository/org/yaml/snakeyaml/1.14/snakeyaml-1.14.jar:/home/fgq/.m2/repository/com/fasterxml/jackson/core/jackson-databind/2.4.6/jackson-databind-2.4.6.jar:/home/fgq/.m2/repository/com/fasterxml/jackson/core/jackson-core/2.4.6/jackson-core-2.4.6.jar:/home/fgq/.m2/repository/org/hibernate/hibernate-validator/5.1.3.Final/hibernate-validator-5.1.3.Final.jar:/home/fgq/.m2/repository/javax/validation/validation-api/1.1.0.Final/validation-api-1.1.0.Final.jar:/home/fgq/.m2/repository/org/jboss/logging/jboss-logging/3.1.3.GA/jboss-logging-3.1.3.GA.jar:/home/fgq/.m2/repository/com/fasterxml/classmate/1.0.0/classmate-1.0.0.jar:/home/fgq/.m2/repository/org/springframework/spring-core/4.1.7.RELEASE/spring-core-4.1.7.RELEASE.jar:/home/fgq/.m2/repository/org/springframework/spring-web/4.1.7.RELEASE/spring-web-4.1.7.RELEASE.jar:/home/fgq/.m2/repository/org/springframework/spring-webmvc/4.1.7.RELEASE/spring-webmvc-4.1.7.RELEASE.jar:/home/fgq/.m2/repository/org/springframework/spring-expression/4.1.7.RELEASE/spring-expression-4.1.7.RELEASE.jar:/home/fgq/.m2/repository/org/springframework/data/spring-data-jpa/1.7.3.RELEASE/spring-data-jpa-1.7.3.RELEASE.jar:/home/fgq/.m2/repository/org/springframework/data/spring-data-commons/1.9.3.RELEASE/spring-data-commons-1.9.3.RELEASE.jar:/home/fgq/.m2/repository/org/springframework/spring-orm/4.1.7.RELEASE/spring-orm-4.1.7.RELEASE.jar:/home/fgq/.m2/repository/org/springframework/spring-jdbc/4.1.7.RELEASE/spring-jdbc-4.1.7.RELEASE.jar:/home/fgq/.m2/repository/org/springframework/spring-context/4.1.7.RELEASE/spring-context-4.1.7.RELEASE.jar:/home/fgq/.m2/repository/org/springframework/spring-aop/4.1.7.RELEASE/spring-aop-4.1.7.RELEASE.jar:/home/fgq/.m2/repository/aopalliance/aopalliance/1.0/aopalliance-1.0.jar:/home/fgq/.m2/repository/org/springframework/spring-tx/4.1.7.RELEASE/spring-tx-4.1.7.RELEASE.jar:/home/fgq/.m2/repository/org/springframework/spring-beans/4.1.7.RELEASE/spring-beans-4.1.7.RELEASE.jar:/home/fgq/.m2/repository/org/aspectj/aspectjrt/1.8.6/aspectjrt-1.8.6.jar:/home/fgq/.m2/repository/org/slf4j/jcl-over-slf4j/1.7.12/jcl-over-slf4j-1.7.12.jar:/home/fgq/.m2/repository/org/springframework/spring-aspects/4.1.7.RELEASE/spring-aspects-4.1.7.RELEASE.jar:/home/fgq/.m2/repository/org/aspectj/aspectjweaver/1.8.6/aspectjweaver-1.8.6.jar:/home/fgq/.m2/repository/javax/persistence/persistence-api/1.0.2/persistence-api-1.0.2.jar
2015-09-23 15:30:03,648 INFO  org.apache.zookeeper.ZooKeeper [main] - Client environment:java.library.path=/usr/java/packages/lib/amd64:/usr/lib64:/lib64:/lib:/usr/lib
2015-09-23 15:30:03,648 INFO  org.apache.zookeeper.ZooKeeper [main] - Client environment:java.io.tmpdir=/tmp
2015-09-23 15:30:03,648 INFO  org.apache.zookeeper.ZooKeeper [main] - Client environment:java.compiler=<NA>
2015-09-23 15:30:03,648 INFO  org.apache.zookeeper.ZooKeeper [main] - Client environment:os.name=Linux
2015-09-23 15:30:03,648 INFO  org.apache.zookeeper.ZooKeeper [main] - Client environment:os.arch=amd64
2015-09-23 15:30:03,648 INFO  org.apache.zookeeper.ZooKeeper [main] - Client environment:os.version=3.13.0-63-generic
2015-09-23 15:30:03,648 INFO  org.apache.zookeeper.ZooKeeper [main] - Client environment:user.name=fgq
2015-09-23 15:30:03,649 INFO  org.apache.zookeeper.ZooKeeper [main] - Client environment:user.home=/home/fgq
2015-09-23 15:30:03,649 INFO  org.apache.zookeeper.ZooKeeper [main] - Client environment:user.dir=/home/fgq/develop/eclipse/work/spring-boot/sample-jetty
2015-09-23 15:30:03,649 INFO  org.apache.zookeeper.ZooKeeper [main] - Initiating client connection, connectString=bigdata5:2181,bigdata4:2181,bigdata3:2181,bigdata2:2181,bigdata6:2181 sessionTimeout=90000 watcher=hconnection-0x16c8b7bd, quorum=bigdata5:2181,bigdata4:2181,bigdata3:2181,bigdata2:2181,bigdata6:2181, baseZNode=/hbase
2015-09-23 15:30:03,664 INFO  org.apache.zookeeper.ClientCnxn [main-SendThread(storm3:2181)] - Opening socket connection to server storm3/192.168.31.180:2181. Will not attempt to authenticate using SASL (unknown error)
2015-09-23 15:30:21,666 INFO  org.apache.zookeeper.ClientCnxn [main-SendThread(storm3:2181)] - Client session timed out, have not heard from server in 18004ms for sessionid 0x0, closing socket connection and attempting reconnect
2015-09-23 15:30:21,772 INFO  org.apache.zookeeper.ClientCnxn [main-SendThread(bigdata2:2181)] - Opening socket connection to server bigdata2/192.168.32.23:2181. Will not attempt to authenticate using SASL (unknown error)
2015-09-23 15:30:21,776 WARN  org.apache.hadoop.hbase.zookeeper.RecoverableZooKeeper [main] - Possibly transient ZooKeeper, quorum=bigdata5:2181,bigdata4:2181,bigdata3:2181,bigdata2:2181,bigdata6:2181, exception=org.apache.zookeeper.KeeperException$ConnectionLossException: KeeperErrorCode = ConnectionLoss for /hbase/hbaseid
2015-09-23 15:30:21,776 INFO  org.apache.hadoop.hbase.util.RetryCounter [main] - Sleeping 1000ms before retry #0...
2015-09-23 15:30:39,786 INFO  org.apache.zookeeper.ClientCnxn [main-SendThread(bigdata2:2181)] - Client session timed out, have not heard from server in 18015ms for sessionid 0x0, closing socket connection and attempting reconnect
2015-09-23 15:30:39,887 INFO  org.apache.zookeeper.ClientCnxn [main-SendThread(storm1:2181)] - Opening socket connection to server storm1/192.168.31.160:2181. Will not attempt to authenticate using SASL (unknown error)
2015-09-23 15:30:39,888 WARN  org.apache.hadoop.hbase.zookeeper.RecoverableZooKeeper [main] - Possibly transient ZooKeeper, quorum=bigdata5:2181,bigdata4:2181,bigdata3:2181,bigdata2:2181,bigdata6:2181, exception=org.apache.zookeeper.KeeperException$ConnectionLossException: KeeperErrorCode = ConnectionLoss for /hbase/hbaseid
2015-09-23 15:30:39,888 INFO  org.apache.hadoop.hbase.util.RetryCounter [main] - Sleeping 2000ms before retry #1...
2015-09-23 15:30:57,899 INFO  org.apache.zookeeper.ClientCnxn [main-SendThread(storm1:2181)] - Client session timed out, have not heard from server in 18012ms for sessionid 0x0, closing socket connection and attempting reconnect
2015-09-23 15:30:58,000 INFO  org.apache.zookeeper.ClientCnxn [main-SendThread(storm2:2181)] - Opening socket connection to server storm2/192.168.31.170:2181. Will not attempt to authenticate using SASL (unknown error)
2015-09-23 15:30:58,001 WARN  org.apache.hadoop.hbase.zookeeper.RecoverableZooKeeper [main] - Possibly transient ZooKeeper, quorum=bigdata5:2181,bigdata4:2181,bigdata3:2181,bigdata2:2181,bigdata6:2181, exception=org.apache.zookeeper.KeeperException$ConnectionLossException: KeeperErrorCode = ConnectionLoss for /hbase/hbaseid
2015-09-23 15:30:58,001 INFO  org.apache.hadoop.hbase.util.RetryCounter [main] - Sleeping 4000ms before retry #2...
2015-09-23 15:31:16,011 INFO  org.apache.zookeeper.ClientCnxn [main-SendThread(storm2:2181)] - Client session timed out, have not heard from server in 18012ms for sessionid 0x0, closing socket connection and attempting reconnect
2015-09-23 15:31:16,112 WARN  org.apache.hadoop.hbase.zookeeper.RecoverableZooKeeper [main] - Possibly transient ZooKeeper, quorum=bigdata5:2181,bigdata4:2181,bigdata3:2181,bigdata2:2181,bigdata6:2181, exception=org.apache.zookeeper.KeeperException$ConnectionLossException: KeeperErrorCode = ConnectionLoss for /hbase/hbaseid
2015-09-23 15:31:16,112 INFO  org.apache.hadoop.hbase.util.RetryCounter [main] - Sleeping 8000ms before retry #3...
2015-09-23 15:31:16,112 INFO  org.apache.zookeeper.ClientCnxn [main-SendThread(bigdata3:2181)] - Opening socket connection to server bigdata3/192.168.32.24:2181. Will not attempt to authenticate using SASL (unknown error)
2015-09-23 15:31:34,122 INFO  org.apache.zookeeper.ClientCnxn [main-SendThread(bigdata3:2181)] - Client session timed out, have not heard from server in 18010ms for sessionid 0x0, closing socket connection and attempting reconnect
2015-09-23 15:31:34,223 WARN  org.apache.hadoop.hbase.zookeeper.RecoverableZooKeeper [main] - Possibly transient ZooKeeper, quorum=bigdata5:2181,bigdata4:2181,bigdata3:2181,bigdata2:2181,bigdata6:2181, exception=org.apache.zookeeper.KeeperException$ConnectionLossException: KeeperErrorCode = ConnectionLoss for /hbase/hbaseid
2015-09-23 15:31:34,224 ERROR org.apache.hadoop.hbase.zookeeper.RecoverableZooKeeper [main] - ZooKeeper exists failed after 4 attempts
2015-09-23 15:31:34,225 WARN  org.apache.hadoop.hbase.zookeeper.ZKUtil [main] - hconnection-0x16c8b7bd, quorum=bigdata5:2181,bigdata4:2181,bigdata3:2181,bigdata2:2181,bigdata6:2181, baseZNode=/hbase Unable to set watcher on znode (/hbase/hbaseid)
org.apache.zookeeper.KeeperException$ConnectionLossException: KeeperErrorCode = ConnectionLoss for /hbase/hbaseid
	at org.apache.zookeeper.KeeperException.create(KeeperException.java:99)
	at org.apache.zookeeper.KeeperException.create(KeeperException.java:51)
	at org.apache.zookeeper.ZooKeeper.exists(ZooKeeper.java:1045)
	at org.apache.hadoop.hbase.zookeeper.RecoverableZooKeeper.exists(RecoverableZooKeeper.java:220)
	at org.apache.hadoop.hbase.zookeeper.ZKUtil.checkExists(ZKUtil.java:479)
	at org.apache.hadoop.hbase.zookeeper.ZKClusterId.readClusterIdZNode(ZKClusterId.java:65)
	at org.apache.hadoop.hbase.client.ZooKeeperRegistry.getClusterId(ZooKeeperRegistry.java:83)
	at org.apache.hadoop.hbase.client.HConnectionManager$HConnectionImplementation.retrieveClusterId(HConnectionManager.java:837)
	at org.apache.hadoop.hbase.client.HConnectionManager$HConnectionImplementation.<init>(HConnectionManager.java:640)
	at sun.reflect.NativeConstructorAccessorImpl.newInstance0(Native Method)
	at sun.reflect.NativeConstructorAccessorImpl.newInstance(NativeConstructorAccessorImpl.java:62)
	at sun.reflect.DelegatingConstructorAccessorImpl.newInstance(DelegatingConstructorAccessorImpl.java:45)
	at java.lang.reflect.Constructor.newInstance(Constructor.java:408)
	at org.apache.hadoop.hbase.client.HConnectionManager.createConnection(HConnectionManager.java:409)
	at org.apache.hadoop.hbase.client.HConnectionManager.createConnection(HConnectionManager.java:304)
	at zx.soft.hbase.api.core.HConn.<clinit>(HConn.java:13)
	at zx.soft.sample.jetty.service.Writer.<clinit>(Writer.java:17)
	at sun.reflect.NativeConstructorAccessorImpl.newInstance0(Native Method)
	at sun.reflect.NativeConstructorAccessorImpl.newInstance(NativeConstructorAccessorImpl.java:62)
	at sun.reflect.DelegatingConstructorAccessorImpl.newInstance(DelegatingConstructorAccessorImpl.java:45)
	at java.lang.reflect.Constructor.newInstance(Constructor.java:408)
	at org.springframework.beans.BeanUtils.instantiateClass(BeanUtils.java:147)
	at org.springframework.beans.factory.support.SimpleInstantiationStrategy.instantiate(SimpleInstantiationStrategy.java:89)
	at org.springframework.beans.factory.support.AbstractAutowireCapableBeanFactory.instantiateBean(AbstractAutowireCapableBeanFactory.java:1094)
	at org.springframework.beans.factory.support.AbstractAutowireCapableBeanFactory.createBeanInstance(AbstractAutowireCapableBeanFactory.java:1046)
	at org.springframework.beans.factory.support.AbstractAutowireCapableBeanFactory.doCreateBean(AbstractAutowireCapableBeanFactory.java:504)
	at org.springframework.beans.factory.support.AbstractAutowireCapableBeanFactory.createBean(AbstractAutowireCapableBeanFactory.java:476)
	at org.springframework.beans.factory.support.AbstractBeanFactory$1.getObject(AbstractBeanFactory.java:303)
	at org.springframework.beans.factory.support.DefaultSingletonBeanRegistry.getSingleton(DefaultSingletonBeanRegistry.java:230)
	at org.springframework.beans.factory.support.AbstractBeanFactory.doGetBean(AbstractBeanFactory.java:299)
	at org.springframework.beans.factory.support.AbstractBeanFactory.getBean(AbstractBeanFactory.java:194)
	at org.springframework.beans.factory.support.DefaultListableBeanFactory.findAutowireCandidates(DefaultListableBeanFactory.java:1120)
	at org.springframework.beans.factory.support.DefaultListableBeanFactory.doResolveDependency(DefaultListableBeanFactory.java:1044)
	at org.springframework.beans.factory.support.DefaultListableBeanFactory.resolveDependency(DefaultListableBeanFactory.java:942)
	at org.springframework.beans.factory.annotation.AutowiredAnnotationBeanPostProcessor$AutowiredFieldElement.inject(AutowiredAnnotationBeanPostProcessor.java:533)
	at org.springframework.beans.factory.annotation.InjectionMetadata.inject(InjectionMetadata.java:88)
	at org.springframework.beans.factory.annotation.AutowiredAnnotationBeanPostProcessor.postProcessPropertyValues(AutowiredAnnotationBeanPostProcessor.java:331)
	at org.springframework.beans.factory.support.AbstractAutowireCapableBeanFactory.populateBean(AbstractAutowireCapableBeanFactory.java:1210)
	at org.springframework.beans.factory.support.AbstractAutowireCapableBeanFactory.doCreateBean(AbstractAutowireCapableBeanFactory.java:537)
	at org.springframework.beans.factory.support.AbstractAutowireCapableBeanFactory.createBean(AbstractAutowireCapableBeanFactory.java:476)
	at org.springframework.beans.factory.support.AbstractBeanFactory$1.getObject(AbstractBeanFactory.java:303)
	at org.springframework.beans.factory.support.DefaultSingletonBeanRegistry.getSingleton(DefaultSingletonBeanRegistry.java:230)
	at org.springframework.beans.factory.support.AbstractBeanFactory.doGetBean(AbstractBeanFactory.java:299)
	at org.springframework.beans.factory.support.AbstractBeanFactory.getBean(AbstractBeanFactory.java:194)
	at org.springframework.beans.factory.support.DefaultListableBeanFactory.preInstantiateSingletons(DefaultListableBeanFactory.java:755)
	at org.springframework.context.support.AbstractApplicationContext.finishBeanFactoryInitialization(AbstractApplicationContext.java:757)
	at org.springframework.context.support.AbstractApplicationContext.refresh(AbstractApplicationContext.java:480)
	at org.springframework.boot.context.embedded.EmbeddedWebApplicationContext.refresh(EmbeddedWebApplicationContext.java:118)
	at org.springframework.boot.SpringApplication.refresh(SpringApplication.java:686)
	at org.springframework.boot.SpringApplication.run(SpringApplication.java:320)
	at org.springframework.boot.SpringApplication.run(SpringApplication.java:957)
	at org.springframework.boot.SpringApplication.run(SpringApplication.java:946)
	at zx.soft.sample.jetty.Application.main(Application.java:11)
2015-09-23 15:31:34,230 ERROR org.apache.hadoop.hbase.zookeeper.ZooKeeperWatcher [main] - hconnection-0x16c8b7bd, quorum=bigdata5:2181,bigdata4:2181,bigdata3:2181,bigdata2:2181,bigdata6:2181, baseZNode=/hbase Received unexpected KeeperException, re-throwing exception
org.apache.zookeeper.KeeperException$ConnectionLossException: KeeperErrorCode = ConnectionLoss for /hbase/hbaseid
	at org.apache.zookeeper.KeeperException.create(KeeperException.java:99)
	at org.apache.zookeeper.KeeperException.create(KeeperException.java:51)
	at org.apache.zookeeper.ZooKeeper.exists(ZooKeeper.java:1045)
	at org.apache.hadoop.hbase.zookeeper.RecoverableZooKeeper.exists(RecoverableZooKeeper.java:220)
	at org.apache.hadoop.hbase.zookeeper.ZKUtil.checkExists(ZKUtil.java:479)
	at org.apache.hadoop.hbase.zookeeper.ZKClusterId.readClusterIdZNode(ZKClusterId.java:65)
	at org.apache.hadoop.hbase.client.ZooKeeperRegistry.getClusterId(ZooKeeperRegistry.java:83)
	at org.apache.hadoop.hbase.client.HConnectionManager$HConnectionImplementation.retrieveClusterId(HConnectionManager.java:837)
	at org.apache.hadoop.hbase.client.HConnectionManager$HConnectionImplementation.<init>(HConnectionManager.java:640)
	at sun.reflect.NativeConstructorAccessorImpl.newInstance0(Native Method)
	at sun.reflect.NativeConstructorAccessorImpl.newInstance(NativeConstructorAccessorImpl.java:62)
	at sun.reflect.DelegatingConstructorAccessorImpl.newInstance(DelegatingConstructorAccessorImpl.java:45)
	at java.lang.reflect.Constructor.newInstance(Constructor.java:408)
	at org.apache.hadoop.hbase.client.HConnectionManager.createConnection(HConnectionManager.java:409)
	at org.apache.hadoop.hbase.client.HConnectionManager.createConnection(HConnectionManager.java:304)
	at zx.soft.hbase.api.core.HConn.<clinit>(HConn.java:13)
	at zx.soft.sample.jetty.service.Writer.<clinit>(Writer.java:17)
	at sun.reflect.NativeConstructorAccessorImpl.newInstance0(Native Method)
	at sun.reflect.NativeConstructorAccessorImpl.newInstance(NativeConstructorAccessorImpl.java:62)
	at sun.reflect.DelegatingConstructorAccessorImpl.newInstance(DelegatingConstructorAccessorImpl.java:45)
	at java.lang.reflect.Constructor.newInstance(Constructor.java:408)
	at org.springframework.beans.BeanUtils.instantiateClass(BeanUtils.java:147)
	at org.springframework.beans.factory.support.SimpleInstantiationStrategy.instantiate(SimpleInstantiationStrategy.java:89)
	at org.springframework.beans.factory.support.AbstractAutowireCapableBeanFactory.instantiateBean(AbstractAutowireCapableBeanFactory.java:1094)
	at org.springframework.beans.factory.support.AbstractAutowireCapableBeanFactory.createBeanInstance(AbstractAutowireCapableBeanFactory.java:1046)
	at org.springframework.beans.factory.support.AbstractAutowireCapableBeanFactory.doCreateBean(AbstractAutowireCapableBeanFactory.java:504)
	at org.springframework.beans.factory.support.AbstractAutowireCapableBeanFactory.createBean(AbstractAutowireCapableBeanFactory.java:476)
	at org.springframework.beans.factory.support.AbstractBeanFactory$1.getObject(AbstractBeanFactory.java:303)
	at org.springframework.beans.factory.support.DefaultSingletonBeanRegistry.getSingleton(DefaultSingletonBeanRegistry.java:230)
	at org.springframework.beans.factory.support.AbstractBeanFactory.doGetBean(AbstractBeanFactory.java:299)
	at org.springframework.beans.factory.support.AbstractBeanFactory.getBean(AbstractBeanFactory.java:194)
	at org.springframework.beans.factory.support.DefaultListableBeanFactory.findAutowireCandidates(DefaultListableBeanFactory.java:1120)
	at org.springframework.beans.factory.support.DefaultListableBeanFactory.doResolveDependency(DefaultListableBeanFactory.java:1044)
	at org.springframework.beans.factory.support.DefaultListableBeanFactory.resolveDependency(DefaultListableBeanFactory.java:942)
	at org.springframework.beans.factory.annotation.AutowiredAnnotationBeanPostProcessor$AutowiredFieldElement.inject(AutowiredAnnotationBeanPostProcessor.java:533)
	at org.springframework.beans.factory.annotation.InjectionMetadata.inject(InjectionMetadata.java:88)
	at org.springframework.beans.factory.annotation.AutowiredAnnotationBeanPostProcessor.postProcessPropertyValues(AutowiredAnnotationBeanPostProcessor.java:331)
	at org.springframework.beans.factory.support.AbstractAutowireCapableBeanFactory.populateBean(AbstractAutowireCapableBeanFactory.java:1210)
	at org.springframework.beans.factory.support.AbstractAutowireCapableBeanFactory.doCreateBean(AbstractAutowireCapableBeanFactory.java:537)
	at org.springframework.beans.factory.support.AbstractAutowireCapableBeanFactory.createBean(AbstractAutowireCapableBeanFactory.java:476)
	at org.springframework.beans.factory.support.AbstractBeanFactory$1.getObject(AbstractBeanFactory.java:303)
	at org.springframework.beans.factory.support.DefaultSingletonBeanRegistry.getSingleton(DefaultSingletonBeanRegistry.java:230)
	at org.springframework.beans.factory.support.AbstractBeanFactory.doGetBean(AbstractBeanFactory.java:299)
	at org.springframework.beans.factory.support.AbstractBeanFactory.getBean(AbstractBeanFactory.java:194)
	at org.springframework.beans.factory.support.DefaultListableBeanFactory.preInstantiateSingletons(DefaultListableBeanFactory.java:755)
	at org.springframework.context.support.AbstractApplicationContext.finishBeanFactoryInitialization(AbstractApplicationContext.java:757)
	at org.springframework.context.support.AbstractApplicationContext.refresh(AbstractApplicationContext.java:480)
	at org.springframework.boot.context.embedded.EmbeddedWebApplicationContext.refresh(EmbeddedWebApplicationContext.java:118)
	at org.springframework.boot.SpringApplication.refresh(SpringApplication.java:686)
	at org.springframework.boot.SpringApplication.run(SpringApplication.java:320)
	at org.springframework.boot.SpringApplication.run(SpringApplication.java:957)
	at org.springframework.boot.SpringApplication.run(SpringApplication.java:946)
	at zx.soft.sample.jetty.Application.main(Application.java:11)
2015-09-23 15:31:34,232 WARN  org.apache.hadoop.hbase.client.ZooKeeperRegistry [main] - Can't retrieve clusterId from Zookeeper
org.apache.zookeeper.KeeperException$ConnectionLossException: KeeperErrorCode = ConnectionLoss for /hbase/hbaseid
	at org.apache.zookeeper.KeeperException.create(KeeperException.java:99)
	at org.apache.zookeeper.KeeperException.create(KeeperException.java:51)
	at org.apache.zookeeper.ZooKeeper.exists(ZooKeeper.java:1045)
	at org.apache.hadoop.hbase.zookeeper.RecoverableZooKeeper.exists(RecoverableZooKeeper.java:220)
	at org.apache.hadoop.hbase.zookeeper.ZKUtil.checkExists(ZKUtil.java:479)
	at org.apache.hadoop.hbase.zookeeper.ZKClusterId.readClusterIdZNode(ZKClusterId.java:65)
	at org.apache.hadoop.hbase.client.ZooKeeperRegistry.getClusterId(ZooKeeperRegistry.java:83)
	at org.apache.hadoop.hbase.client.HConnectionManager$HConnectionImplementation.retrieveClusterId(HConnectionManager.java:837)
	at org.apache.hadoop.hbase.client.HConnectionManager$HConnectionImplementation.<init>(HConnectionManager.java:640)
	at sun.reflect.NativeConstructorAccessorImpl.newInstance0(Native Method)
	at sun.reflect.NativeConstructorAccessorImpl.newInstance(NativeConstructorAccessorImpl.java:62)
	at sun.reflect.DelegatingConstructorAccessorImpl.newInstance(DelegatingConstructorAccessorImpl.java:45)
	at java.lang.reflect.Constructor.newInstance(Constructor.java:408)
	at org.apache.hadoop.hbase.client.HConnectionManager.createConnection(HConnectionManager.java:409)
	at org.apache.hadoop.hbase.client.HConnectionManager.createConnection(HConnectionManager.java:304)
	at zx.soft.hbase.api.core.HConn.<clinit>(HConn.java:13)
	at zx.soft.sample.jetty.service.Writer.<clinit>(Writer.java:17)
	at sun.reflect.NativeConstructorAccessorImpl.newInstance0(Native Method)
	at sun.reflect.NativeConstructorAccessorImpl.newInstance(NativeConstructorAccessorImpl.java:62)
	at sun.reflect.DelegatingConstructorAccessorImpl.newInstance(DelegatingConstructorAccessorImpl.java:45)
	at java.lang.reflect.Constructor.newInstance(Constructor.java:408)
	at org.springframework.beans.BeanUtils.instantiateClass(BeanUtils.java:147)
	at org.springframework.beans.factory.support.SimpleInstantiationStrategy.instantiate(SimpleInstantiationStrategy.java:89)
	at org.springframework.beans.factory.support.AbstractAutowireCapableBeanFactory.instantiateBean(AbstractAutowireCapableBeanFactory.java:1094)
	at org.springframework.beans.factory.support.AbstractAutowireCapableBeanFactory.createBeanInstance(AbstractAutowireCapableBeanFactory.java:1046)
	at org.springframework.beans.factory.support.AbstractAutowireCapableBeanFactory.doCreateBean(AbstractAutowireCapableBeanFactory.java:504)
	at org.springframework.beans.factory.support.AbstractAutowireCapableBeanFactory.createBean(AbstractAutowireCapableBeanFactory.java:476)
	at org.springframework.beans.factory.support.AbstractBeanFactory$1.getObject(AbstractBeanFactory.java:303)
	at org.springframework.beans.factory.support.DefaultSingletonBeanRegistry.getSingleton(DefaultSingletonBeanRegistry.java:230)
	at org.springframework.beans.factory.support.AbstractBeanFactory.doGetBean(AbstractBeanFactory.java:299)
	at org.springframework.beans.factory.support.AbstractBeanFactory.getBean(AbstractBeanFactory.java:194)
	at org.springframework.beans.factory.support.DefaultListableBeanFactory.findAutowireCandidates(DefaultListableBeanFactory.java:1120)
	at org.springframework.beans.factory.support.DefaultListableBeanFactory.doResolveDependency(DefaultListableBeanFactory.java:1044)
	at org.springframework.beans.factory.support.DefaultListableBeanFactory.resolveDependency(DefaultListableBeanFactory.java:942)
	at org.springframework.beans.factory.annotation.AutowiredAnnotationBeanPostProcessor$AutowiredFieldElement.inject(AutowiredAnnotationBeanPostProcessor.java:533)
	at org.springframework.beans.factory.annotation.InjectionMetadata.inject(InjectionMetadata.java:88)
	at org.springframework.beans.factory.annotation.AutowiredAnnotationBeanPostProcessor.postProcessPropertyValues(AutowiredAnnotationBeanPostProcessor.java:331)
	at org.springframework.beans.factory.support.AbstractAutowireCapableBeanFactory.populateBean(AbstractAutowireCapableBeanFactory.java:1210)
	at org.springframework.beans.factory.support.AbstractAutowireCapableBeanFactory.doCreateBean(AbstractAutowireCapableBeanFactory.java:537)
	at org.springframework.beans.factory.support.AbstractAutowireCapableBeanFactory.createBean(AbstractAutowireCapableBeanFactory.java:476)
	at org.springframework.beans.factory.support.AbstractBeanFactory$1.getObject(AbstractBeanFactory.java:303)
	at org.springframework.beans.factory.support.DefaultSingletonBeanRegistry.getSingleton(DefaultSingletonBeanRegistry.java:230)
	at org.springframework.beans.factory.support.AbstractBeanFactory.doGetBean(AbstractBeanFactory.java:299)
	at org.springframework.beans.factory.support.AbstractBeanFactory.getBean(AbstractBeanFactory.java:194)
	at org.springframework.beans.factory.support.DefaultListableBeanFactory.preInstantiateSingletons(DefaultListableBeanFactory.java:755)
	at org.springframework.context.support.AbstractApplicationContext.finishBeanFactoryInitialization(AbstractApplicationContext.java:757)
	at org.springframework.context.support.AbstractApplicationContext.refresh(AbstractApplicationContext.java:480)
	at org.springframework.boot.context.embedded.EmbeddedWebApplicationContext.refresh(EmbeddedWebApplicationContext.java:118)
	at org.springframework.boot.SpringApplication.refresh(SpringApplication.java:686)
	at org.springframework.boot.SpringApplication.run(SpringApplication.java:320)
	at org.springframework.boot.SpringApplication.run(SpringApplication.java:957)
	at org.springframework.boot.SpringApplication.run(SpringApplication.java:946)
	at zx.soft.sample.jetty.Application.main(Application.java:11)
2015-09-23 15:31:34,475 INFO  org.springframework.web.servlet.mvc.method.annotation.RequestMappingHandlerAdapter [main] - Looking for @ControllerAdvice: org.springframework.boot.context.embedded.AnnotationConfigEmbeddedWebApplicationContext@319b92f3: startup date [Wed Sep 23 15:30:01 CST 2015]; root of context hierarchy
2015-09-23 15:31:34,626 INFO  org.springframework.boot.context.embedded.AnnotationConfigEmbeddedWebApplicationContext [Thread-0] - Closing org.springframework.boot.context.embedded.AnnotationConfigEmbeddedWebApplicationContext@319b92f3: startup date [Wed Sep 23 15:30:01 CST 2015]; root of context hierarchy
2015-09-23 15:31:34,646 INFO  org.springframework.web.servlet.mvc.method.annotation.RequestMappingHandlerMapping [main] - Mapped "{[/hello]}" onto java.lang.String zx.soft.sample.jetty.web.TestController.home()
2015-09-23 15:31:34,646 INFO  org.springframework.web.servlet.mvc.method.annotation.RequestMappingHandlerMapping [main] - Mapped "{[/hbase]}" onto public void zx.soft.sample.jetty.web.TestController.put()
2015-09-23 15:31:34,648 INFO  org.springframework.web.servlet.mvc.method.annotation.RequestMappingHandlerMapping [main] - Mapped "{[/error],produces=[text/html]}" onto public org.springframework.web.servlet.ModelAndView org.springframework.boot.autoconfigure.web.BasicErrorController.errorHtml(javax.servlet.http.HttpServletRequest)
2015-09-23 15:31:34,648 INFO  org.springframework.web.servlet.mvc.method.annotation.RequestMappingHandlerMapping [main] - Mapped "{[/error]}" onto public org.springframework.http.ResponseEntity<java.util.Map<java.lang.String, java.lang.Object>> org.springframework.boot.autoconfigure.web.BasicErrorController.error(javax.servlet.http.HttpServletRequest)
2015-09-23 15:31:34,651 WARN  org.springframework.boot.context.embedded.AnnotationConfigEmbeddedWebApplicationContext [Thread-0] - Exception thrown from LifecycleProcessor on context close
java.lang.IllegalStateException: LifecycleProcessor not initialized - call 'refresh' before invoking lifecycle methods via the context: org.springframework.boot.context.embedded.AnnotationConfigEmbeddedWebApplicationContext@319b92f3: startup date [Wed Sep 23 15:30:01 CST 2015]; root of context hierarchy
	at org.springframework.context.support.AbstractApplicationContext.getLifecycleProcessor(AbstractApplicationContext.java:357)
	at org.springframework.context.support.AbstractApplicationContext.doClose(AbstractApplicationContext.java:877)
	at org.springframework.boot.context.embedded.EmbeddedWebApplicationContext.doClose(EmbeddedWebApplicationContext.java:150)
	at org.springframework.context.support.AbstractApplicationContext$1.run(AbstractApplicationContext.java:804)
2015-09-23 15:31:34,655 WARN  org.springframework.boot.context.embedded.AnnotationConfigEmbeddedWebApplicationContext [main] - Exception encountered during context initialization - cancelling refresh attempt
org.springframework.beans.factory.BeanCreationNotAllowedException: Error creating bean with name 'viewControllerHandlerMapping': Singleton bean creation not allowed while the singletons of this factory are in destruction (Do not request a bean from a BeanFactory in a destroy method implementation!)
	at org.springframework.beans.factory.support.DefaultSingletonBeanRegistry.getSingleton(DefaultSingletonBeanRegistry.java:216)
	at org.springframework.beans.factory.support.AbstractBeanFactory.doGetBean(AbstractBeanFactory.java:299)
	at org.springframework.beans.factory.support.AbstractBeanFactory.getBean(AbstractBeanFactory.java:194)
	at org.springframework.beans.factory.support.DefaultListableBeanFactory.preInstantiateSingletons(DefaultListableBeanFactory.java:755)
	at org.springframework.context.support.AbstractApplicationContext.finishBeanFactoryInitialization(AbstractApplicationContext.java:757)
	at org.springframework.context.support.AbstractApplicationContext.refresh(AbstractApplicationContext.java:480)
	at org.springframework.boot.context.embedded.EmbeddedWebApplicationContext.refresh(EmbeddedWebApplicationContext.java:118)
	at org.springframework.boot.SpringApplication.refresh(SpringApplication.java:686)
	at org.springframework.boot.SpringApplication.run(SpringApplication.java:320)
	at org.springframework.boot.SpringApplication.run(SpringApplication.java:957)
	at org.springframework.boot.SpringApplication.run(SpringApplication.java:946)
	at zx.soft.sample.jetty.Application.main(Application.java:11)
2015-09-23 15:31:34,663 INFO  org.eclipse.jetty.server.handler.ContextHandler [main] - Stopped o.s.b.c.e.j.JettyEmbeddedWebAppContext@78411116{/,null,UNAVAILABLE}
2015-09-23 15:32:39,052 INFO  zx.soft.sample.jetty.Application [main] - Starting Application on Company with PID 18185 (/home/fgq/develop/eclipse/work/spring-boot/sample-jetty/target/classes started by fgq in /home/fgq/develop/eclipse/work/spring-boot/sample-jetty)
2015-09-23 15:32:39,081 INFO  org.springframework.boot.context.embedded.AnnotationConfigEmbeddedWebApplicationContext [main] - Refreshing org.springframework.boot.context.embedded.AnnotationConfigEmbeddedWebApplicationContext@319b92f3: startup date [Wed Sep 23 15:32:39 CST 2015]; root of context hierarchy
2015-09-23 15:32:39,692 INFO  org.springframework.beans.factory.support.DefaultListableBeanFactory [main] - Overriding bean definition for bean 'beanNameViewResolver': replacing [Root bean: class [null]; scope=; abstract=false; lazyInit=false; autowireMode=3; dependencyCheck=0; autowireCandidate=true; primary=false; factoryBeanName=org.springframework.boot.autoconfigure.web.ErrorMvcAutoConfiguration$WhitelabelErrorViewConfiguration; factoryMethodName=beanNameViewResolver; initMethodName=null; destroyMethodName=(inferred); defined in class path resource [org/springframework/boot/autoconfigure/web/ErrorMvcAutoConfiguration$WhitelabelErrorViewConfiguration.class]] with [Root bean: class [null]; scope=; abstract=false; lazyInit=false; autowireMode=3; dependencyCheck=0; autowireCandidate=true; primary=false; factoryBeanName=org.springframework.boot.autoconfigure.web.WebMvcAutoConfiguration$WebMvcAutoConfigurationAdapter; factoryMethodName=beanNameViewResolver; initMethodName=null; destroyMethodName=(inferred); defined in class path resource [org/springframework/boot/autoconfigure/web/WebMvcAutoConfiguration$WebMvcAutoConfigurationAdapter.class]]
2015-09-23 15:32:39,877 INFO  org.springframework.beans.factory.annotation.AutowiredAnnotationBeanPostProcessor [main] - JSR-330 'javax.inject.Inject' annotation found and supported for autowiring
2015-09-23 15:32:39,915 INFO  org.hibernate.validator.internal.util.Version [main] - HV000001: Hibernate Validator 5.1.3.Final
2015-09-23 15:32:40,040 INFO  org.springframework.context.support.PostProcessorRegistrationDelegate$BeanPostProcessorChecker [main] - Bean 'org.springframework.transaction.annotation.ProxyTransactionManagementConfiguration' of type [class org.springframework.transaction.annotation.ProxyTransactionManagementConfiguration$$EnhancerBySpringCGLIB$$7ae5462b] is not eligible for getting processed by all BeanPostProcessors (for example: not eligible for auto-proxying)
2015-09-23 15:32:40,061 INFO  org.springframework.context.support.PostProcessorRegistrationDelegate$BeanPostProcessorChecker [main] - Bean 'transactionAttributeSource' of type [class org.springframework.transaction.annotation.AnnotationTransactionAttributeSource] is not eligible for getting processed by all BeanPostProcessors (for example: not eligible for auto-proxying)
2015-09-23 15:32:40,069 INFO  org.springframework.context.support.PostProcessorRegistrationDelegate$BeanPostProcessorChecker [main] - Bean 'transactionInterceptor' of type [class org.springframework.transaction.interceptor.TransactionInterceptor] is not eligible for getting processed by all BeanPostProcessors (for example: not eligible for auto-proxying)
2015-09-23 15:32:40,072 INFO  org.springframework.context.support.PostProcessorRegistrationDelegate$BeanPostProcessorChecker [main] - Bean 'org.springframework.transaction.config.internalTransactionAdvisor' of type [class org.springframework.transaction.interceptor.BeanFactoryTransactionAttributeSourceAdvisor] is not eligible for getting processed by all BeanPostProcessors (for example: not eligible for auto-proxying)
2015-09-23 15:32:40,489 INFO  org.springframework.boot.context.embedded.jetty.JettyEmbeddedServletContainerFactory [main] - Server initialized with port: 8900
2015-09-23 15:32:40,493 INFO  org.eclipse.jetty.server.Server [main] - jetty-9.2.11.v20150529
2015-09-23 15:32:40,576 INFO  / [main] - Initializing Spring embedded WebApplicationContext
2015-09-23 15:32:40,576 INFO  org.springframework.web.context.ContextLoader [main] - Root WebApplicationContext: initialization completed in 1497 ms
2015-09-23 15:32:41,112 INFO  org.springframework.boot.context.embedded.ServletRegistrationBean [main] - Mapping servlet: 'dispatcherServlet' to [/]
2015-09-23 15:32:41,114 INFO  org.springframework.boot.context.embedded.FilterRegistrationBean [main] - Mapping filter: 'characterEncodingFilter' to: [/*]
2015-09-23 15:32:41,114 INFO  org.springframework.boot.context.embedded.FilterRegistrationBean [main] - Mapping filter: 'hiddenHttpMethodFilter' to: [/*]
2015-09-23 15:32:41,273 INFO  org.eclipse.jetty.server.handler.ContextHandler [main] - Started o.s.b.c.e.j.JettyEmbeddedWebAppContext@78411116{/,null,AVAILABLE}
2015-09-23 15:32:41,273 INFO  org.eclipse.jetty.server.Server [main] - Started @2808ms
2015-09-23 15:32:41,438 INFO  org.springframework.web.servlet.mvc.method.annotation.RequestMappingHandlerAdapter [main] - Looking for @ControllerAdvice: org.springframework.boot.context.embedded.AnnotationConfigEmbeddedWebApplicationContext@319b92f3: startup date [Wed Sep 23 15:32:39 CST 2015]; root of context hierarchy
2015-09-23 15:32:41,484 INFO  org.springframework.web.servlet.mvc.method.annotation.RequestMappingHandlerMapping [main] - Mapped "{[/hello]}" onto java.lang.String zx.soft.sample.jetty.web.TestController.home()
2015-09-23 15:32:41,484 INFO  org.springframework.web.servlet.mvc.method.annotation.RequestMappingHandlerMapping [main] - Mapped "{[/hbase]}" onto public void zx.soft.sample.jetty.web.TestController.put()
2015-09-23 15:32:41,486 INFO  org.springframework.web.servlet.mvc.method.annotation.RequestMappingHandlerMapping [main] - Mapped "{[/error],produces=[text/html]}" onto public org.springframework.web.servlet.ModelAndView org.springframework.boot.autoconfigure.web.BasicErrorController.errorHtml(javax.servlet.http.HttpServletRequest)
2015-09-23 15:32:41,486 INFO  org.springframework.web.servlet.mvc.method.annotation.RequestMappingHandlerMapping [main] - Mapped "{[/error]}" onto public org.springframework.http.ResponseEntity<java.util.Map<java.lang.String, java.lang.Object>> org.springframework.boot.autoconfigure.web.BasicErrorController.error(javax.servlet.http.HttpServletRequest)
2015-09-23 15:32:41,505 INFO  org.springframework.web.servlet.handler.SimpleUrlHandlerMapping [main] - Mapped URL path [/webjars/**] onto handler of type [class org.springframework.web.servlet.resource.ResourceHttpRequestHandler]
2015-09-23 15:32:41,505 INFO  org.springframework.web.servlet.handler.SimpleUrlHandlerMapping [main] - Mapped URL path [/**] onto handler of type [class org.springframework.web.servlet.resource.ResourceHttpRequestHandler]
2015-09-23 15:32:41,538 INFO  org.springframework.web.servlet.handler.SimpleUrlHandlerMapping [main] - Mapped URL path [/**/favicon.ico] onto handler of type [class org.springframework.web.servlet.resource.ResourceHttpRequestHandler]
2015-09-23 15:32:41,745 INFO  org.springframework.jmx.export.annotation.AnnotationMBeanExporter [main] - Registering beans for JMX exposure on startup
2015-09-23 15:32:41,756 INFO  / [main] - Initializing Spring FrameworkServlet 'dispatcherServlet'
2015-09-23 15:32:41,756 INFO  org.springframework.web.servlet.DispatcherServlet [main] - FrameworkServlet 'dispatcherServlet': initialization started
2015-09-23 15:32:41,768 INFO  org.springframework.web.servlet.DispatcherServlet [main] - FrameworkServlet 'dispatcherServlet': initialization completed in 11 ms
2015-09-23 15:32:41,798 INFO  org.eclipse.jetty.server.ServerConnector [main] - Started ServerConnector@30501e60{HTTP/1.1}{SOLR-CLOUD-002:8900}
2015-09-23 15:32:41,804 INFO  org.springframework.boot.context.embedded.jetty.JettyEmbeddedServletContainer [main] - Jetty started on port(s) 8900 (http/1.1)
2015-09-23 15:32:41,805 INFO  zx.soft.sample.jetty.Application [main] - Started Application in 3.053 seconds (JVM running for 3.341)
2015-09-23 15:52:32,460 INFO  org.springframework.boot.context.embedded.AnnotationConfigEmbeddedWebApplicationContext [Thread-0] - Closing org.springframework.boot.context.embedded.AnnotationConfigEmbeddedWebApplicationContext@319b92f3: startup date [Wed Sep 23 15:32:39 CST 2015]; root of context hierarchy
2015-09-23 15:52:32,469 INFO  org.springframework.jmx.export.annotation.AnnotationMBeanExporter [Thread-0] - Unregistering JMX-exposed beans on shutdown
2015-09-23 15:52:32,476 INFO  org.eclipse.jetty.server.ServerConnector [Thread-0] - Stopped ServerConnector@30501e60{HTTP/1.1}{SOLR-CLOUD-002:8900}
2015-09-23 15:52:32,478 INFO  / [Thread-0] - Destroying Spring FrameworkServlet 'dispatcherServlet'
2015-09-23 15:52:32,478 INFO  org.eclipse.jetty.server.handler.ContextHandler [Thread-0] - Stopped o.s.b.c.e.j.JettyEmbeddedWebAppContext@78411116{/,null,UNAVAILABLE}
